<?xml version="1.0" encoding="UTF-8"?>
<testng-results ignored="0" total="1" passed="1" failed="0" skipped="0">
  <reporter-output>
    <line>
      <![CDATA[Empty browser is launched]]>
    </line>
    <line>
      <![CDATA[browser is maximized]]>
    </line>
  </reporter-output>
  <suite started-at="2023-01-19T07:52:48 IST" name="Default suite" finished-at="2023-01-19T07:52:58 IST" duration-ms="9798">
    <groups>
    </groups>
    <test started-at="2023-01-19T07:52:48 IST" name="Default test" finished-at="2023-01-19T07:52:58 IST" duration-ms="9798">
      <class name="search.TC_003">
        <test-method is-config="true" signature="launchBrowser(java.lang.String)[pri:0, instance:search.TC_003@64cd705f]" started-at="2023-01-19T07:52:48 IST" name="launchBrowser" finished-at="2023-01-19T07:52:53 IST" duration-ms="4763" status="PASS">
          <params>
            <param index="0">
              <value>
                <![CDATA[chrome]]>
              </value>
            </param>
          </params>
          <reporter-output>
            <line>
              <![CDATA[Empty browser is launched]]>
            </line>
            <line>
              <![CDATA[browser is maximized]]>
            </line>
          </reporter-output>
        </test-method> <!-- launchBrowser -->
        <test-method is-config="true" signature="login()[pri:0, instance:search.TC_003@64cd705f]" started-at="2023-01-19T07:52:53 IST" name="login" depends-on-groups="launch" finished-at="2023-01-19T07:52:55 IST" duration-ms="1804" status="PASS">
          <reporter-output>
          </reporter-output>
        </test-method> <!-- login -->
        <test-method signature="sortByDropDown([Ljava.lang.String;)[pri:0, instance:search.TC_003@64cd705f]" started-at="2023-01-19T07:52:55 IST" name="sortByDropDown" data-provider="TC_003" finished-at="2023-01-19T07:52:57 IST" duration-ms="1575" status="PASS">
          <params>
            <param index="0">
              <value>
                <![CDATA[[Ljava.lang.String;@9b21bd3]]>
              </value>
            </param>
          </params>
          <reporter-output>
          </reporter-output>
        </test-method> <!-- sortByDropDown -->
        <test-method is-config="true" signature="logoutAndCloseTheBrowser()[pri:0, instance:search.TC_003@64cd705f]" started-at="2023-01-19T07:52:57 IST" name="logoutAndCloseTheBrowser" finished-at="2023-01-19T07:52:58 IST" duration-ms="1011" status="PASS">
          <reporter-output>
          </reporter-output>
        </test-method> <!-- logoutAndCloseTheBrowser -->
      </class> <!-- search.TC_003 -->
    </test> <!-- Default test -->
  </suite> <!-- Default suite -->
</testng-results>
