<?xml version="1.0" encoding="UTF-8"?>
<testng-results ignored="0" total="2" passed="2" failed="0" skipped="0">
  <reporter-output>
  </reporter-output>
  <suite started-at="2023-01-31T12:19:04 IST" name="Default suite" finished-at="2023-01-31T12:19:05 IST" duration-ms="681">
    <groups>
    </groups>
    <test started-at="2023-01-31T12:19:04 IST" name="Default test" finished-at="2023-01-31T12:19:05 IST" duration-ms="681">
      <class name="dummy.GettingDataFromExcel">
        <test-method signature="read([Ljava.lang.String;)[pri:0, instance:dummy.GettingDataFromExcel@769f71a9]" started-at="2023-01-31T12:19:05 IST" name="read" data-provider="data" finished-at="2023-01-31T12:19:05 IST" duration-ms="7" status="PASS">
          <params>
            <param index="0">
              <value>
                <![CDATA[[Ljava.lang.String;@1021f6c9]]>
              </value>
            </param>
          </params>
          <reporter-output>
          </reporter-output>
        </test-method> <!-- read -->
        <test-method signature="read([Ljava.lang.String;)[pri:0, instance:dummy.GettingDataFromExcel@769f71a9]" started-at="2023-01-31T12:19:05 IST" name="read" data-provider="data" finished-at="2023-01-31T12:19:05 IST" duration-ms="2" status="PASS">
          <params>
            <param index="0">
              <value>
                <![CDATA[[Ljava.lang.String;@7516e4e5]]>
              </value>
            </param>
          </params>
          <reporter-output>
          </reporter-output>
        </test-method> <!-- read -->
      </class> <!-- dummy.GettingDataFromExcel -->
    </test> <!-- Default test -->
  </suite> <!-- Default suite -->
</testng-results>
